Using GPU: 0
Loading checkpoint shards:   0%|          | 0/2 [00:00<?, ?it/s]Loading checkpoint shards:  50%|█████     | 1/2 [00:01<00:01,  1.03s/it]Loading checkpoint shards: 100%|██████████| 2/2 [00:01<00:00,  1.35it/s]Loading checkpoint shards: 100%|██████████| 2/2 [00:01<00:00,  1.28it/s]
  0%|          | 0/10 [00:00<?, ?it/s] 10%|█         | 1/10 [00:07<01:07,  7.51s/it] 20%|██        | 2/10 [00:16<01:04,  8.10s/it] 30%|███       | 3/10 [00:18<00:37,  5.40s/it] 40%|████      | 4/10 [00:20<00:25,  4.32s/it] 50%|█████     | 5/10 [00:28<00:26,  5.37s/it] 60%|██████    | 6/10 [00:30<00:17,  4.28s/it] 70%|███████   | 7/10 [00:35<00:13,  4.53s/it] 80%|████████  | 8/10 [00:37<00:07,  3.70s/it] 90%|█████████ | 9/10 [00:39<00:03,  3.31s/it]100%|██████████| 10/10 [00:42<00:00,  3.07s/it]100%|██████████| 10/10 [00:42<00:00,  4.22s/it]
real_y: ['find_hotel']
pred_y: ['hotel-area:citycenter', 'hotel-pricerange:moderate']
real_y: ['find_hotel', 'find_restaurant', 'find_hospital']
pred_y: ['hotel-pricerange:moderate', 'hotel-area:south', 'hotel-wifi:yes']
real_y: ['find_hotel']
pred_y: ['hotel-name:bridge guest house', 'hotel-area:south', 'hotel-pricerange:moderate', 'hotel-internet:free wifi']
real_y: ['find_restaurant']
pred_y: ['hotel-name:bridge guest house', 'attraction-area:south', 'attraction-type:restaurant', 'hotel-pricerange:moderate', 'hotel-internet:free', 'hotel-parking:free']
real_y: ['find_restaurant', 'find_hospital']
pred_y: ['restaurant-pricerange:moderate', ' restaurant-area:citycenter']
real_y: ['']
pred_y: ['restaurant-name:alimentum', 'attraction-area:south', 'attraction-type:restaurant', 'attraction-price-range:moderate']
real_y: ['find_taxi']
pred_y: ['tax-arriveby:20:00', 'tax-fare:£25-£30', 'hotel-name:warkworth house', 'hotel-area:west']
real_y: ['find_taxi']
pred_y: ['taxi-arriveby:20:00', 'taxi-departure:clare college', 'taxi-destination:west']
real_y: ['find_taxi', 'find_police']
pred_y: ['taxi-arriveby:20:00', 'taxi-departure:clare college', 'taxi-destination:parkside police station', 'taxi-leaveat:18:00']
real_y: ['']
pred_y: ['taxi-arriveby:20:00', 'taxi-departure:clare college', 'taxi-destination:parkside police station', 'taxi-leaveat:my boyfriend got arrested again']
tp: 0, fp: 31, fn: 0
Traceback (most recent call last):
  File "/home/jeongseokoh/DialogueNLP_finalProject/fewshot_zeroshot/test.py", line 262, in <module>
    main()
  File "/home/jeongseokoh/DialogueNLP_finalProject/fewshot_zeroshot/test.py", line 258, in main
    metrics = evaluate(model, tokenizer, test_dataset, device)
              ^^^^^^^^^^^^^^^^^^^^^^^^^^^^^^^^^^^^^^^^^^^^^^^^
  File "/home/jeongseokoh/DialogueNLP_finalProject/fewshot_zeroshot/test.py", line 241, in evaluate
    recall = tp / (tp + fn)
             ~~~^~~~~~~~~~~
ZeroDivisionError: division by zero
srun: error: gpu-1: task 0: Exited with exit code 1
